0 silly argv { _: [ 'publish' ],
0 silly argv   composed: 'publish',
0 silly argv   lernaVersion: '3.10.5',
0 silly argv   '$0': '/usr/local/bin/lerna' }
1 notice cli v3.10.5
2 verbose rootPath /Users/qianliu/workspace/lerna-repo
3 info versioning independent
4 verbose session feffada4b3d3d3e0
5 verbose user-agent lerna/3.10.5/node@v8.11.2+x64 (darwin)
6 verbose git-describe undefined => "516da33"
7 silly git-describe parsed => {"refCount":"1","sha":"516da33","isDirty":false}
8 silly argv { _: [ 'publish' ], composed: 'publish', lernaVersion: '3.10.5' }
9 verbose rootPath /Users/qianliu/workspace/lerna-repo
10 silly isAnythingCommitted
11 verbose isAnythingCommitted 1
12 silly currentBranch
13 verbose currentBranch master
14 silly remoteBranchExists
15 silly isBehindUpstream
16 silly isBehindUpstream master is behind origin/master by 0 commit(s) and ahead by 0
17 silly hasTags
18 verbose hasTags false
19 info Looking for changed packages since initial commit.
20 verbose updated lerna-test
21 verbose git-describe undefined => "516da33"
22 silly git-describe parsed => {"refCount":"1","sha":"516da33","isDirty":false}
23 silly batched [ PackageGraphNode {
23 silly batched     name: 'lerna-test',
23 silly batched     externalDependencies: Map {},
23 silly batched     localDependencies: Map {},
23 silly batched     localDependents: Map {} } ]
24 silly lifecycle No script for "preversion" in "root", continuing
25 silly lifecycle No script for "preversion" in "lerna-test", continuing
26 silly lifecycle No script for "version" in "lerna-test", continuing
27 silly lifecycle No script for "version" in "root", continuing
28 silly gitAdd [ '/Users/qianliu/workspace/lerna-repo/packages/lerna-test/package.json' ]
29 silly gitCommit Publish
29 silly gitCommit
29 silly gitCommit  - lerna-test@1.0.1-alpha.0
30 verbose git [ 'commit',
30 verbose git   '-F',
30 verbose git   '/private/var/folders/yp/xnh79lss6v5b2b4ywz8pbpsw0000gn/T/8f1f34dd-d98a-453b-bce8-13e81f079198/lerna-commit.txt' ]
31 silly gitTag lerna-test@1.0.1-alpha.0
32 verbose git [ 'tag',
32 verbose git   'lerna-test@1.0.1-alpha.0',
32 verbose git   '-m',
32 verbose git   'lerna-test@1.0.1-alpha.0' ]
33 silly lifecycle No script for "postversion" in "lerna-test", continuing
34 silly lifecycle No script for "postversion" in "root", continuing
35 info git Pushing tags...
36 silly gitPush origin master
37 silly batched [ PackageGraphNode {
37 silly batched     name: 'lerna-test',
37 silly batched     externalDependencies: Map {},
37 silly batched     localDependencies: Map {},
37 silly batched     localDependents: Map {} } ]
38 info publish Publishing packages to npm...
39 notice Skipping all user and access validation due to third-party registry
40 notice Make sure you're authenticated properly ¯\_(ツ)_/¯
41 warn ENOLICENSE Packages lerna-test are missing a license
42 silly getCurrentSHA
43 verbose getCurrentSHA fe4c9101080a2d78470d4703a76d3dcb72c5c5cc
44 silly lifecycle No script for "prepublish" in "root", continuing
45 silly lifecycle No script for "prepare" in "root", continuing
46 silly lifecycle No script for "prepublishOnly" in "root", continuing
47 silly lifecycle No script for "prepack" in "root", continuing
48 verbose pack-directory packages/lerna-test
49 silly lifecycle No script for "prepublish" in "lerna-test", continuing
50 silly lifecycle No script for "prepare" in "lerna-test", continuing
51 silly lifecycle No script for "prepublishOnly" in "lerna-test", continuing
52 silly lifecycle No script for "prepack" in "lerna-test", continuing
53 silly lifecycle No script for "postpack" in "lerna-test", continuing
54 verbose packed lerna-test packages/lerna-test
55 silly lifecycle No script for "postpack" in "root", continuing
56 verbose publish lerna-test
57 http fetch PUT 401 http://10.9.133.74:7001/lerna-test 165ms
58 error Error: 401 Unauthorized - PUT http://10.9.133.74:7001/lerna-test - unauthorized
58 error     at res.buffer.catch.then.body (/Users/qianliu/.config/yarn/global/node_modules/npm-registry-fetch/check-response.js:104:15)
58 error     at <anonymous>
